<?xml version="1.0" encoding="UTF-8"?>
<!-- Generated by org.testng.reporters.JUnitReportReporter -->
<testsuite hostname="BRILAP1990" failures="0" tests="1" name="script.VerifyProductVersion_Test" time="28.272" errors="0" timestamp="15 Mar 2022 13:36:21 GMT" skipped="0">
  <testcase classname="script.VerifyProductVersion_Test" name="testProductVerson" time="28.272"/>
</testsuite> <!-- script.VerifyProductVersion_Test -->
