<?xml version="1.0" encoding="UTF-8"?>
<!-- Generated by org.testng.reporters.JUnitReportReporter -->
<testsuite hostname="BRILAP1990" failures="0" tests="1" name="script.InvalidLogin_Test" time="36.909" errors="0" timestamp="15 Mar 2022 13:36:21 GMT" skipped="0">
  <testcase classname="script.InvalidLogin_Test" name="testInvalidLogin" time="36.909"/>
</testsuite> <!-- script.InvalidLogin_Test -->
